<?xml version="1.0" encoding="UTF-8"?>
<!-- Generated by org.testng.reporters.JUnitReportReporter -->
<testsuite hostname="suraj" failures="0" tests="1" name="com.api.tests.userTest" time="13.864" errors="0" timestamp="2025-10-25T23:01:28 IST" skipped="0">
  <testcase classname="com.api.tests.userTest" name="testCRUD" time="13.864"/>
</testsuite> <!-- com.api.tests.userTest -->
